<?xml version="1.0" encoding="UTF-8"?>
<!-- Generated by org.testng.reporters.JUnitReportReporter -->
<testsuite hostname="LAPTOP-R3SPT3BV" failures="0" tests="1" name="com.travelocity.testCases.TC_Exercise_004" time="16.392" errors="0" timestamp="9 Mar 2021 20:36:57 GMT">
  <testcase classname="com.travelocity.testCases.TC_Exercise_004" name="goToFlightHotel" time="16.392"/>
</testsuite> <!-- com.travelocity.testCases.TC_Exercise_004 -->
